0 info it worked if it ends with ok
1 verbose cli [ 'node', '/usr/local/bin/npm', 'view', 'moduleName', 'engines' ]
2 info using npm@1.4.28
3 info using node@v0.10.35
4 verbose request where is /moduleName
5 verbose request registry https://registry.npmjs.org/
6 verbose request id c4947f7283a1504f
7 verbose url raw /moduleName
8 verbose url resolving [ 'https://registry.npmjs.org/', './moduleName' ]
9 verbose url resolved https://registry.npmjs.org/moduleName
10 verbose request where is https://registry.npmjs.org/moduleName
11 info trying registry request attempt 1 at 17:59:23
12 http GET https://registry.npmjs.org/moduleName
13 http 404 https://registry.npmjs.org/moduleName
14 verbose headers { date: 'Tue, 13 Jan 2015 09:59:29 GMT',
14 verbose headers   server: 'CouchDB/1.5.0 (Erlang OTP/R16B03)',
14 verbose headers   'content-type': 'application/json',
14 verbose headers   'cache-control': 'max-age=0',
14 verbose headers   'content-length': '52',
14 verbose headers   'accept-ranges': 'bytes',
14 verbose headers   via: '1.1 varnish',
14 verbose headers   age: '0',
14 verbose headers   'x-served-by': 'cache-ty66-TYO',
14 verbose headers   'x-cache': 'MISS',
14 verbose headers   'x-cache-hits': '0',
14 verbose headers   'x-timer': 'S1421143169.318477,VS0,VE196',
14 verbose headers   'keep-alive': 'timeout=10, max=50',
14 verbose headers   connection: 'Keep-Alive' }
15 silly registry.get cb [ 404,
15 slly registry.get   { date: 'Tue, 13 Jan 2015 09:59:29 GMT',
15 silly registry.get     server: 'CouchDB/1.5.0 (Erlang OTP/R16B03)',
15 silly registry.get     'content-type': 'application/json',
15 silly registry.get     'cache-control': 'max-age=0',
15 silly registry.get     'content-length': '52',
15 silly registry.get     'accept-ranges': 'bytes',
15 silly registry.get     via: '1.1 varnish',
15 silly registry.get     age: '0',
15 silly registry.get     'x-served-by': 'cache-ty66-TYO',
15 silly registry.get     'x-cache': 'MISS',
15 silly registry.get     'x-cache-hits': '0',
15 silly registry.get     'x-timer': 'S1421143169.318477,VS0,VE196',
15 silly registry.get     'keep-alive': 'timeout=10, max=50',
15 silly registry.get     connection: 'Keep-Alive' } ]
16 error 404 404 Not Found: moduleName
16 error 404
16 error 404 'moduleName' is not in the npm registry.
16 error 404 You should bug the author to publish it
16 error 404
16 error 404 Note that you can also install from a
16 error 404 tarball, folder, or http url, or git url.
17 error System Darwin 14.0.0
18 error command "node" "/usr/local/bin/npm" "view" "moduleName" "engines"
19 error cwd /Users/mango/Documents/nodejs/chatRoom
20 error node -v v0.10.35
21 error npm -v 1.4.28
22 error code E404
23 verbose exit [ 1, true ]
